jariocr/build/intermediates/manifest_merge_blame_file/debug/processDebugManifest/manifest-merger-blame-debug-report.txt
1<?xml version="1.0" encoding="utf-8"?>
2<manifest xmlns:android="http://schemas.android.com/apk/res/android"
3    package="id.co.jari.ocr" >
4
5    <uses-sdk android:minSdkVersion="24" />
5-->INJECTED
5-->INJECTED
6
7    <uses-permission android:name="android.permission.CAMERA" />
7-->src/main/AndroidManifest.xml:4:5-65
7-->src/main/AndroidManifest.xml:4:22-62
8
9    <uses-feature
9-->src/main/AndroidManifest.xml:6:5-8:36
10        android:name="android.hardware.camera"
10-->src/main/AndroidManifest.xml:7:9-47
11        android:required="false" />
11-->src/main/AndroidManifest.xml:8:9-33
12    <uses-feature
12-->src/main/AndroidManifest.xml:10:5-12:36
13        android:name="android.hardware.camera.any"
13-->src/main/AndroidManifest.xml:11:9-51
14        android:required="false" />
14-->src/main/AndroidManifest.xml:12:9-33
15
16</manifest>